<?xml version="1.0" encoding="UTF-8"?>
<!-- Generated by org.testng.reporters.JUnitReportReporter -->
<testsuite skipped="0" hostname="Richard" name="testQA.HomePageObjTest" tests="5" failures="0" timestamp="13 Nov 2016 20:40:12 GMT" time="3.528" errors="0">
  <testcase name="checkEnabledDrowDown" time="1.071" classname="testQA.HomePageObjTest"/>
  <testcase name="checkDisabledDrowDown" time="0.163" classname="testQA.HomePageObjTest"/>
  <testcase name="checkBrandLogoImagePresent" time="0.116" classname="testQA.HomePageObjTest"/>
  <testcase name="checkLogoHyperlinkPresent" time="0.081" classname="testQA.HomePageObjTest"/>
  <testcase name="verifyAllDropDownValuesManufacturer" time="2.097" classname="testQA.HomePageObjTest"/>
</testsuite> <!-- testQA.HomePageObjTest -->
