<?xml version="1.0" encoding="UTF-8"?>
<!-- Generated by org.testng.reporters.JUnitReportReporter -->
<testsuite skipped="0" hostname="Richard" name="testQA.searchBoxTest" tests="1" failures="0" timestamp="13 Nov 2016 20:40:12 GMT" time="3.618" errors="0">
  <testcase name="checkSearchBox" time="3.618" classname="testQA.searchBoxTest"/>
</testsuite> <!-- testQA.searchBoxTest -->
